The system is: MSYS - 3.1.7-340.x86_64 - x86_64
Compiling the C compiler identification source file "CMakeCCompilerId.c" succeeded.
Compiler: /usr/bin/cc.exe 
Build flags: 
Id flags:  

The output was:
0


Compilation of the C compiler identification source "CMakeCCompilerId.c" produced "a.exe"

The C compiler identification is GNU, found in "/c/Users/katso/Documents/Github/denarii/external/supercop/CMakeFiles/3.19.3/CompilerIdC/a.exe"

Compiling the CXX compiler identification source file "CMakeCXXCompilerId.cpp" succeeded.
Compiler: /usr/bin/c++.exe 
Build flags: 
Id flags:  

The output was:
0


Compilation of the CXX compiler identification source "CMakeCXXCompilerId.cpp" produced "a.exe"

The CXX compiler identification is GNU, found in "/c/Users/katso/Documents/Github/denarii/external/supercop/CMakeFiles/3.19.3/CompilerIdCXX/a.exe"

Detecting C compiler ABI info compiled with the following output:
Change Dir: /c/Users/katso/Documents/Github/denarii/external/supercop/CMakeFiles/CMakeTmp

Run Build Command(s):/usr/bin/make.exe cmTC_bb06b/fast && /usr/bin/make  -f CMakeFiles/cmTC_bb06b.dir/build.make CMakeFiles/cmTC_bb06b.dir/build
make[1]: Entering directory '/c/Users/katso/Documents/Github/denarii/external/supercop/CMakeFiles/CMakeTmp'
Building C object CMakeFiles/cmTC_bb06b.dir/CMakeCCompilerABI.c.o
/usr/bin/cc.exe   -v -o CMakeFiles/cmTC_bb06b.dir/CMakeCCompilerABI.c.o -c /usr/share/cmake-3.19.3/Modules/CMakeCCompilerABI.c
Using built-in specs.
COLLECT_GCC=/usr/bin/cc
Target: x86_64-pc-msys
Configured with: /c/_/S/gcc/src/gcc-10.2.0/configure --build=x86_64-pc-msys --prefix=/usr --libexecdir=/usr/lib --enable-bootstrap --enable-shared --enable-shared-libgcc --enable-static --enable-version-specific-runtime-libs --with-arch=x86-64 --with-tune=generic --disable-multilib --enable-__cxa_atexit --with-dwarf2 --enable-languages=c,c++,fortran,lto --enable-graphite --enable-threads=posix --enable-libatomic --enable-libgomp --disable-libitm --enable-libquadmath --enable-libquadmath-support --disable-libssp --disable-win32-registry --disable-symvers --with-gnu-ld --with-gnu-as --disable-isl-version-check --enable-checking=release --without-libiconv-prefix --without-libintl-prefix --with-system-zlib --enable-linker-build-id --with-default-libstdcxx-abi=gcc4-compatible --enable-libstdcxx-filesystem-ts
Thread model: posix
Supported LTO compression algorithms: zlib
gcc version 10.2.0 (GCC) 
COLLECT_GCC_OPTIONS='-v' '-o' 'CMakeFiles/cmTC_bb06b.dir/CMakeCCompilerABI.c.o' '-c' '-mtune=generic' '-march=x86-64'
 /usr/lib/gcc/x86_64-pc-msys/10.2.0/cc1.exe -quiet -v -idirafter /usr/lib/gcc/x86_64-pc-msys/10.2.0/../../../../lib/../include/w32api -idirafter /usr/lib/gcc/x86_64-pc-msys/10.2.0/../../../../x86_64-pc-msys/lib/../lib/../../include/w32api /usr/share/cmake-3.19.3/Modules/CMakeCCompilerABI.c -quiet -dumpbase CMakeCCompilerABI.c -mtune=generic -march=x86-64 -auxbase-strip CMakeFiles/cmTC_bb06b.dir/CMakeCCompilerABI.c.o -version -o /c/Users/katso/AppData/Local/Temp/ccAqTLCD.s
GNU C17 (GCC) version 10.2.0 (x86_64-pc-msys)
	compiled by GNU C version 10.2.0, GMP version 6.2.0, MPFR version 4.1.0, MPC version 1.1.0, isl version isl-0.22.1-GMP

warning: GMP header version 6.2.0 differs from library version 6.2.1.
GGC heuristics: --param ggc-min-expand=100 --param ggc-min-heapsize=131072
ignoring nonexistent directory "/usr/lib/gcc/x86_64-pc-msys/10.2.0/../../../../x86_64-pc-msys/include"
ignoring duplicate directory "/usr/lib/gcc/x86_64-pc-msys/10.2.0/../../../../x86_64-pc-msys/lib/../lib/../../include/w32api"
#include "..." search starts here:
#include <...> search starts here:
 /usr/lib/gcc/x86_64-pc-msys/10.2.0/include
 /usr/local/include
 /usr/lib/gcc/x86_64-pc-msys/10.2.0/include-fixed
 /usr/include
 /usr/lib/gcc/x86_64-pc-msys/10.2.0/../../../../lib/../include/w32api
End of search list.
GNU C17 (GCC) version 10.2.0 (x86_64-pc-msys)
	compiled by GNU C version 10.2.0, GMP version 6.2.0, MPFR version 4.1.0, MPC version 1.1.0, isl version isl-0.22.1-GMP

warning: GMP header version 6.2.0 differs from library version 6.2.1.
GGC heuristics: --param ggc-min-expand=100 --param ggc-min-heapsize=131072
Compiler executable checksum: 5dc831ba8ba50cc9f8b7e3207bc4f700
COLLECT_GCC_OPTIONS='-v' '-o' 'CMakeFiles/cmTC_bb06b.dir/CMakeCCompilerABI.c.o' '-c' '-mtune=generic' '-march=x86-64'
 /usr/lib/gcc/x86_64-pc-msys/10.2.0/../../../../x86_64-pc-msys/bin/as.exe -v -o CMakeFiles/cmTC_bb06b.dir/CMakeCCompilerABI.c.o /c/Users/katso/AppData/Local/Temp/ccAqTLCD.s
GNU assembler version 2.36.1 (x86_64-pc-msys) using BFD version (GNU Binutils) 2.36.1
COMPILER_PATH=/usr/lib/gcc/x86_64-pc-msys/10.2.0/:/usr/lib/gcc/x86_64-pc-msys/10.2.0/:/usr/lib/gcc/x86_64-pc-msys/:/usr/lib/gcc/x86_64-pc-msys/10.2.0/:/usr/lib/gcc/x86_64-pc-msys/:/usr/lib/gcc/x86_64-pc-msys/10.2.0/../../../../x86_64-pc-msys/bin/
LIBRARY_PATH=/usr/lib/gcc/x86_64-pc-msys/10.2.0/:/usr/lib/gcc/x86_64-pc-msys/10.2.0/../../../../x86_64-pc-msys/lib/../lib/:/usr/lib/gcc/x86_64-pc-msys/10.2.0/../../../../lib/:/usr/lib/../lib/:/usr/lib/gcc/x86_64-pc-msys/10.2.0/../../../../x86_64-pc-msys/lib/:/usr/lib/gcc/x86_64-pc-msys/10.2.0/../../../:/usr/lib/
COLLECT_GCC_OPTIONS='-v' '-o' 'CMakeFiles/cmTC_bb06b.dir/CMakeCCompilerABI.c.o' '-c' '-mtune=generic' '-march=x86-64'
Linking C executable cmTC_bb06b.exe
/usr/bin/cmake.exe -E cmake_link_script CMakeFiles/cmTC_bb06b.dir/link.txt --verbose=1
/usr/bin/cc.exe -Wl,--enable-auto-import -v CMakeFiles/cmTC_bb06b.dir/CMakeCCompilerABI.c.o -o cmTC_bb06b.exe -Wl,--out-implib,libcmTC_bb06b.dll.a -Wl,--major-image-version,0,--minor-image-version,0 
Using built-in specs.
COLLECT_GCC=/usr/bin/cc
COLLECT_LTO_WRAPPER=/usr/lib/gcc/x86_64-pc-msys/10.2.0/lto-wrapper.exe
Target: x86_64-pc-msys
Configured with: /c/_/S/gcc/src/gcc-10.2.0/configure --build=x86_64-pc-msys --prefix=/usr --libexecdir=/usr/lib --enable-bootstrap --enable-shared --enable-shared-libgcc --enable-static --enable-version-specific-runtime-libs --with-arch=x86-64 --with-tune=generic --disable-multilib --enable-__cxa_atexit --with-dwarf2 --enable-languages=c,c++,fortran,lto --enable-graphite --enable-threads=posix --enable-libatomic --enable-libgomp --disable-libitm --enable-libquadmath --enable-libquadmath-support --disable-libssp --disable-win32-registry --disable-symvers --with-gnu-ld --with-gnu-as --disable-isl-version-check --enable-checking=release --without-libiconv-prefix --without-libintl-prefix --with-system-zlib --enable-linker-build-id --with-default-libstdcxx-abi=gcc4-compatible --enable-libstdcxx-filesystem-ts
Thread model: posix
Supported LTO compression algorithms: zlib
gcc version 10.2.0 (GCC) 
COMPILER_PATH=/usr/lib/gcc/x86_64-pc-msys/10.2.0/:/usr/lib/gcc/x86_64-pc-msys/10.2.0/:/usr/lib/gcc/x86_64-pc-msys/:/usr/lib/gcc/x86_64-pc-msys/10.2.0/:/usr/lib/gcc/x86_64-pc-msys/:/usr/lib/gcc/x86_64-pc-msys/10.2.0/../../../../x86_64-pc-msys/bin/
LIBRARY_PATH=/usr/lib/gcc/x86_64-pc-msys/10.2.0/:/usr/lib/gcc/x86_64-pc-msys/10.2.0/../../../../x86_64-pc-msys/lib/../lib/:/usr/lib/gcc/x86_64-pc-msys/10.2.0/../../../../lib/:/usr/lib/../lib/:/usr/lib/gcc/x86_64-pc-msys/10.2.0/../../../../x86_64-pc-msys/lib/:/usr/lib/gcc/x86_64-pc-msys/10.2.0/../../../:/usr/lib/
COLLECT_GCC_OPTIONS='-v' '-o' 'cmTC_bb06b.exe' '-mtune=generic' '-march=x86-64'
 /usr/lib/gcc/x86_64-pc-msys/10.2.0/collect2.exe -plugin /usr/lib/gcc/x86_64-pc-msys/10.2.0/msys-lto_plugin.dll -plugin-opt=/usr/lib/gcc/x86_64-pc-msys/10.2.0/lto-wrapper.exe -plugin-opt=-fresolution=/c/Users/katso/AppData/Local/Temp/cciWx8P4.res -plugin-opt=-pass-through=-lgcc_s -plugin-opt=-pass-through=-lgcc -plugin-opt=-pass-through=-lmsys-2.0 -plugin-opt=-pass-through=-ladvapi32 -plugin-opt=-pass-through=-lshell32 -plugin-opt=-pass-through=-luser32 -plugin-opt=-pass-through=-lkernel32 -plugin-opt=-pass-through=-lgcc_s -plugin-opt=-pass-through=-lgcc --build-id -m i386pep --wrap _Znwm --wrap _Znam --wrap _ZdlPv --wrap _ZdaPv --wrap _ZnwmRKSt9nothrow_t --wrap _ZnamRKSt9nothrow_t --wrap _ZdlPvRKSt9nothrow_t --wrap _ZdaPvRKSt9nothrow_t -Bdynamic --dll-search-prefix=msys- --tsaware -o cmTC_bb06b.exe /usr/lib/gcc/x86_64-pc-msys/10.2.0/../../../../lib/crt0.o /usr/lib/gcc/x86_64-pc-msys/10.2.0/crtbegin.o -L/usr/lib/gcc/x86_64-pc-msys/10.2.0 -L/usr/lib/gcc/x86_64-pc-msys/10.2.0/../../../../x86_64-pc-msys/lib/../lib -L/usr/lib/gcc/x86_64-pc-msys/10.2.0/../../../../lib -L/usr/lib/../lib -L/usr/lib/gcc/x86_64-pc-msys/10.2.0/../../../../x86_64-pc-msys/lib -L/usr/lib/gcc/x86_64-pc-msys/10.2.0/../../.. --enable-auto-import CMakeFiles/cmTC_bb06b.dir/CMakeCCompilerABI.c.o --out-implib libcmTC_bb06b.dll.a --major-image-version 0 --minor-image-version 0 -lgcc_s -lgcc -lmsys-2.0 -ladvapi32 -lshell32 -luser32 -lkernel32 -lgcc_s -lgcc /usr/lib/gcc/x86_64-pc-msys/10.2.0/../../../../lib/default-manifest.o /usr/lib/gcc/x86_64-pc-msys/10.2.0/crtend.o
COLLECT_GCC_OPTIONS='-v' '-o' 'cmTC_bb06b.exe' '-mtune=generic' '-march=x86-64'
make[1]: Leaving directory '/c/Users/katso/Documents/Github/denarii/external/supercop/CMakeFiles/CMakeTmp'



Parsed C implicit include dir info from above output: rv=done
  found start of include info
  found start of implicit include info
    add: [/usr/lib/gcc/x86_64-pc-msys/10.2.0/include]
    add: [/usr/local/include]
    add: [/usr/lib/gcc/x86_64-pc-msys/10.2.0/include-fixed]
    add: [/usr/include]
    add: [/usr/lib/gcc/x86_64-pc-msys/10.2.0/../../../../lib/../include/w32api]
  end of search list found
  collapse include dir [/usr/lib/gcc/x86_64-pc-msys/10.2.0/include] ==> [/usr/lib/gcc/x86_64-pc-msys/10.2.0/include]
  collapse include dir [/usr/local/include] ==> [/usr/local/include]
  collapse include dir [/usr/lib/gcc/x86_64-pc-msys/10.2.0/include-fixed] ==> [/usr/lib/gcc/x86_64-pc-msys/10.2.0/include-fixed]
  collapse include dir [/usr/include] ==> [/usr/include]
  collapse include dir [/usr/lib/gcc/x86_64-pc-msys/10.2.0/../../../../lib/../include/w32api] ==> [/usr/include/w32api]
  implicit include dirs: [/usr/lib/gcc/x86_64-pc-msys/10.2.0/include;/usr/local/include;/usr/lib/gcc/x86_64-pc-msys/10.2.0/include-fixed;/usr/include;/usr/include/w32api]


Parsed C implicit link information from above output:
  link line regex: [^( *|.*[/\])(ld\.exe|CMAKE_LINK_STARTFILE-NOTFOUND|([^/\]+-)?ld|collect2)[^/\]*( |$)]
  ignore line: [Change Dir: /c/Users/katso/Documents/Github/denarii/external/supercop/CMakeFiles/CMakeTmp]
  ignore line: []
  ignore line: [Run Build Command(s):/usr/bin/make.exe cmTC_bb06b/fast && /usr/bin/make  -f CMakeFiles/cmTC_bb06b.dir/build.make CMakeFiles/cmTC_bb06b.dir/build]
  ignore line: [make[1]: Entering directory '/c/Users/katso/Documents/Github/denarii/external/supercop/CMakeFiles/CMakeTmp']
  ignore line: [Building C object CMakeFiles/cmTC_bb06b.dir/CMakeCCompilerABI.c.o]
  ignore line: [/usr/bin/cc.exe   -v -o CMakeFiles/cmTC_bb06b.dir/CMakeCCompilerABI.c.o -c /usr/share/cmake-3.19.3/Modules/CMakeCCompilerABI.c]
  ignore line: [Using built-in specs.]
  ignore line: [COLLECT_GCC=/usr/bin/cc]
  ignore line: [Target: x86_64-pc-msys]
  ignore line: [Configured with: /c/_/S/gcc/src/gcc-10.2.0/configure --build=x86_64-pc-msys --prefix=/usr --libexecdir=/usr/lib --enable-bootstrap --enable-shared --enable-shared-libgcc --enable-static --enable-version-specific-runtime-libs --with-arch=x86-64 --with-tune=generic --disable-multilib --enable-__cxa_atexit --with-dwarf2 --enable-languages=c,c++,fortran,lto --enable-graphite --enable-threads=posix --enable-libatomic --enable-libgomp --disable-libitm --enable-libquadmath --enable-libquadmath-support --disable-libssp --disable-win32-registry --disable-symvers --with-gnu-ld --with-gnu-as --disable-isl-version-check --enable-checking=release --without-libiconv-prefix --without-libintl-prefix --with-system-zlib --enable-linker-build-id --with-default-libstdcxx-abi=gcc4-compatible --enable-libstdcxx-filesystem-ts]
  ignore line: [Thread model: posix]
  ignore line: [Supported LTO compression algorithms: zlib]
  ignore line: [gcc version 10.2.0 (GCC) ]
  ignore line: [COLLECT_GCC_OPTIONS='-v' '-o' 'CMakeFiles/cmTC_bb06b.dir/CMakeCCompilerABI.c.o' '-c' '-mtune=generic' '-march=x86-64']
  ignore line: [ /usr/lib/gcc/x86_64-pc-msys/10.2.0/cc1.exe -quiet -v -idirafter /usr/lib/gcc/x86_64-pc-msys/10.2.0/../../../../lib/../include/w32api -idirafter /usr/lib/gcc/x86_64-pc-msys/10.2.0/../../../../x86_64-pc-msys/lib/../lib/../../include/w32api /usr/share/cmake-3.19.3/Modules/CMakeCCompilerABI.c -quiet -dumpbase CMakeCCompilerABI.c -mtune=generic -march=x86-64 -auxbase-strip CMakeFiles/cmTC_bb06b.dir/CMakeCCompilerABI.c.o -version -o /c/Users/katso/AppData/Local/Temp/ccAqTLCD.s]
  ignore line: [GNU C17 (GCC) version 10.2.0 (x86_64-pc-msys)]
  ignore line: [	compiled by GNU C version 10.2.0  GMP version 6.2.0  MPFR version 4.1.0  MPC version 1.1.0  isl version isl-0.22.1-GMP]
  ignore line: []
  ignore line: [warning: GMP header version 6.2.0 differs from library version 6.2.1.]
  ignore line: [GGC heuristics: --param ggc-min-expand=100 --param ggc-min-heapsize=131072]
  ignore line: [ignoring nonexistent directory "/usr/lib/gcc/x86_64-pc-msys/10.2.0/../../../../x86_64-pc-msys/include"]
  ignore line: [ignoring duplicate directory "/usr/lib/gcc/x86_64-pc-msys/10.2.0/../../../../x86_64-pc-msys/lib/../lib/../../include/w32api"]
  ignore line: [#include "..." search starts here:]
  ignore line: [#include <...> search starts here:]
  ignore line: [ /usr/lib/gcc/x86_64-pc-msys/10.2.0/include]
  ignore line: [ /usr/local/include]
  ignore line: [ /usr/lib/gcc/x86_64-pc-msys/10.2.0/include-fixed]
  ignore line: [ /usr/include]
  ignore line: [ /usr/lib/gcc/x86_64-pc-msys/10.2.0/../../../../lib/../include/w32api]
  ignore line: [End of search list.]
  ignore line: [GNU C17 (GCC) version 10.2.0 (x86_64-pc-msys)]
  ignore line: [	compiled by GNU C version 10.2.0  GMP version 6.2.0  MPFR version 4.1.0  MPC version 1.1.0  isl version isl-0.22.1-GMP]
  ignore line: []
  ignore line: [warning: GMP header version 6.2.0 differs from library version 6.2.1.]
  ignore line: [GGC heuristics: --param ggc-min-expand=100 --param ggc-min-heapsize=131072]
  ignore line: [Compiler executable checksum: 5dc831ba8ba50cc9f8b7e3207bc4f700]
  ignore line: [COLLECT_GCC_OPTIONS='-v' '-o' 'CMakeFiles/cmTC_bb06b.dir/CMakeCCompilerABI.c.o' '-c' '-mtune=generic' '-march=x86-64']
  ignore line: [ /usr/lib/gcc/x86_64-pc-msys/10.2.0/../../../../x86_64-pc-msys/bin/as.exe -v -o CMakeFiles/cmTC_bb06b.dir/CMakeCCompilerABI.c.o /c/Users/katso/AppData/Local/Temp/ccAqTLCD.s]
  ignore line: [GNU assembler version 2.36.1 (x86_64-pc-msys) using BFD version (GNU Binutils) 2.36.1]
  ignore line: [COMPILER_PATH=/usr/lib/gcc/x86_64-pc-msys/10.2.0/:/usr/lib/gcc/x86_64-pc-msys/10.2.0/:/usr/lib/gcc/x86_64-pc-msys/:/usr/lib/gcc/x86_64-pc-msys/10.2.0/:/usr/lib/gcc/x86_64-pc-msys/:/usr/lib/gcc/x86_64-pc-msys/10.2.0/../../../../x86_64-pc-msys/bin/]
  ignore line: [LIBRARY_PATH=/usr/lib/gcc/x86_64-pc-msys/10.2.0/:/usr/lib/gcc/x86_64-pc-msys/10.2.0/../../../../x86_64-pc-msys/lib/../lib/:/usr/lib/gcc/x86_64-pc-msys/10.2.0/../../../../lib/:/usr/lib/../lib/:/usr/lib/gcc/x86_64-pc-msys/10.2.0/../../../../x86_64-pc-msys/lib/:/usr/lib/gcc/x86_64-pc-msys/10.2.0/../../../:/usr/lib/]
  ignore line: [COLLECT_GCC_OPTIONS='-v' '-o' 'CMakeFiles/cmTC_bb06b.dir/CMakeCCompilerABI.c.o' '-c' '-mtune=generic' '-march=x86-64']
  ignore line: [Linking C executable cmTC_bb06b.exe]
  ignore line: [/usr/bin/cmake.exe -E cmake_link_script CMakeFiles/cmTC_bb06b.dir/link.txt --verbose=1]
  ignore line: [/usr/bin/cc.exe -Wl --enable-auto-import -v CMakeFiles/cmTC_bb06b.dir/CMakeCCompilerABI.c.o -o cmTC_bb06b.exe -Wl --out-implib libcmTC_bb06b.dll.a -Wl --major-image-version 0 --minor-image-version 0 ]
  ignore line: [Using built-in specs.]
  ignore line: [COLLECT_GCC=/usr/bin/cc]
  ignore line: [COLLECT_LTO_WRAPPER=/usr/lib/gcc/x86_64-pc-msys/10.2.0/lto-wrapper.exe]
  ignore line: [Target: x86_64-pc-msys]
  ignore line: [Configured with: /c/_/S/gcc/src/gcc-10.2.0/configure --build=x86_64-pc-msys --prefix=/usr --libexecdir=/usr/lib --enable-bootstrap --enable-shared --enable-shared-libgcc --enable-static --enable-version-specific-runtime-libs --with-arch=x86-64 --with-tune=generic --disable-multilib --enable-__cxa_atexit --with-dwarf2 --enable-languages=c,c++,fortran,lto --enable-graphite --enable-threads=posix --enable-libatomic --enable-libgomp --disable-libitm --enable-libquadmath --enable-libquadmath-support --disable-libssp --disable-win32-registry --disable-symvers --with-gnu-ld --with-gnu-as --disable-isl-version-check --enable-checking=release --without-libiconv-prefix --without-libintl-prefix --with-system-zlib --enable-linker-build-id --with-default-libstdcxx-abi=gcc4-compatible --enable-libstdcxx-filesystem-ts]
  ignore line: [Thread model: posix]
  ignore line: [Supported LTO compression algorithms: zlib]
  ignore line: [gcc version 10.2.0 (GCC) ]
  ignore line: [COMPILER_PATH=/usr/lib/gcc/x86_64-pc-msys/10.2.0/:/usr/lib/gcc/x86_64-pc-msys/10.2.0/:/usr/lib/gcc/x86_64-pc-msys/:/usr/lib/gcc/x86_64-pc-msys/10.2.0/:/usr/lib/gcc/x86_64-pc-msys/:/usr/lib/gcc/x86_64-pc-msys/10.2.0/../../../../x86_64-pc-msys/bin/]
  ignore line: [LIBRARY_PATH=/usr/lib/gcc/x86_64-pc-msys/10.2.0/:/usr/lib/gcc/x86_64-pc-msys/10.2.0/../../../../x86_64-pc-msys/lib/../lib/:/usr/lib/gcc/x86_64-pc-msys/10.2.0/../../../../lib/:/usr/lib/../lib/:/usr/lib/gcc/x86_64-pc-msys/10.2.0/../../../../x86_64-pc-msys/lib/:/usr/lib/gcc/x86_64-pc-msys/10.2.0/../../../:/usr/lib/]
  ignore line: [COLLECT_GCC_OPTIONS='-v' '-o' 'cmTC_bb06b.exe' '-mtune=generic' '-march=x86-64']
  link line: [ /usr/lib/gcc/x86_64-pc-msys/10.2.0/collect2.exe -plugin /usr/lib/gcc/x86_64-pc-msys/10.2.0/msys-lto_plugin.dll -plugin-opt=/usr/lib/gcc/x86_64-pc-msys/10.2.0/lto-wrapper.exe -plugin-opt=-fresolution=/c/Users/katso/AppData/Local/Temp/cciWx8P4.res -plugin-opt=-pass-through=-lgcc_s -plugin-opt=-pass-through=-lgcc -plugin-opt=-pass-through=-lmsys-2.0 -plugin-opt=-pass-through=-ladvapi32 -plugin-opt=-pass-through=-lshell32 -plugin-opt=-pass-through=-luser32 -plugin-opt=-pass-through=-lkernel32 -plugin-opt=-pass-through=-lgcc_s -plugin-opt=-pass-through=-lgcc --build-id -m i386pep --wrap _Znwm --wrap _Znam --wrap _ZdlPv --wrap _ZdaPv --wrap _ZnwmRKSt9nothrow_t --wrap _ZnamRKSt9nothrow_t --wrap _ZdlPvRKSt9nothrow_t --wrap _ZdaPvRKSt9nothrow_t -Bdynamic --dll-search-prefix=msys- --tsaware -o cmTC_bb06b.exe /usr/lib/gcc/x86_64-pc-msys/10.2.0/../../../../lib/crt0.o /usr/lib/gcc/x86_64-pc-msys/10.2.0/crtbegin.o -L/usr/lib/gcc/x86_64-pc-msys/10.2.0 -L/usr/lib/gcc/x86_64-pc-msys/10.2.0/../../../../x86_64-pc-msys/lib/../lib -L/usr/lib/gcc/x86_64-pc-msys/10.2.0/../../../../lib -L/usr/lib/../lib -L/usr/lib/gcc/x86_64-pc-msys/10.2.0/../../../../x86_64-pc-msys/lib -L/usr/lib/gcc/x86_64-pc-msys/10.2.0/../../.. --enable-auto-import CMakeFiles/cmTC_bb06b.dir/CMakeCCompilerABI.c.o --out-implib libcmTC_bb06b.dll.a --major-image-version 0 --minor-image-version 0 -lgcc_s -lgcc -lmsys-2.0 -ladvapi32 -lshell32 -luser32 -lkernel32 -lgcc_s -lgcc /usr/lib/gcc/x86_64-pc-msys/10.2.0/../../../../lib/default-manifest.o /usr/lib/gcc/x86_64-pc-msys/10.2.0/crtend.o]
    arg [/usr/lib/gcc/x86_64-pc-msys/10.2.0/collect2.exe] ==> ignore
    arg [-plugin] ==> ignore
    arg [/usr/lib/gcc/x86_64-pc-msys/10.2.0/msys-lto_plugin.dll] ==> ignore
    arg [-plugin-opt=/usr/lib/gcc/x86_64-pc-msys/10.2.0/lto-wrapper.exe] ==> ignore
    arg [-plugin-opt=-fresolution=/c/Users/katso/AppData/Local/Temp/cciWx8P4.res] ==> ignore
    arg [-plugin-opt=-pass-through=-lgcc_s] ==> ignore
    arg [-plugin-opt=-pass-through=-lgcc] ==> ignore
    arg [-plugin-opt=-pass-through=-lmsys-2.0] ==> ignore
    arg [-plugin-opt=-pass-through=-ladvapi32] ==> ignore
    arg [-plugin-opt=-pass-through=-lshell32] ==> ignore
    arg [-plugin-opt=-pass-through=-luser32] ==> ignore
    arg [-plugin-opt=-pass-through=-lkernel32] ==> ignore
    arg [-plugin-opt=-pass-through=-lgcc_s] ==> ignore
    arg [-plugin-opt=-pass-through=-lgcc] ==> ignore
    arg [--build-id] ==> ignore
    arg [-m] ==> ignore
    arg [i386pep] ==> ignore
    arg [--wrap] ==> ignore
    arg [_Znwm] ==> ignore
    arg [--wrap] ==> ignore
    arg [_Znam] ==> ignore
    arg [--wrap] ==> ignore
    arg [_ZdlPv] ==> ignore
    arg [--wrap] ==> ignore
    arg [_ZdaPv] ==> ignore
    arg [--wrap] ==> ignore
    arg [_ZnwmRKSt9nothrow_t] ==> ignore
    arg [--wrap] ==> ignore
    arg [_ZnamRKSt9nothrow_t] ==> ignore
    arg [--wrap] ==> ignore
    arg [_ZdlPvRKSt9nothrow_t] ==> ignore
    arg [--wrap] ==> ignore
    arg [_ZdaPvRKSt9nothrow_t] ==> ignore
    arg [-Bdynamic] ==> ignore
    arg [--dll-search-prefix=msys-] ==> ignore
    arg [--tsaware] ==> ignore
    arg [-o] ==> ignore
    arg [cmTC_bb06b.exe] ==> ignore
    arg [/usr/lib/gcc/x86_64-pc-msys/10.2.0/../../../../lib/crt0.o] ==> ignore
    arg [/usr/lib/gcc/x86_64-pc-msys/10.2.0/crtbegin.o] ==> ignore
    arg [-L/usr/lib/gcc/x86_64-pc-msys/10.2.0] ==> dir [/usr/lib/gcc/x86_64-pc-msys/10.2.0]
    arg [-L/usr/lib/gcc/x86_64-pc-msys/10.2.0/../../../../x86_64-pc-msys/lib/../lib] ==> dir [/usr/lib/gcc/x86_64-pc-msys/10.2.0/../../../../x86_64-pc-msys/lib/../lib]
    arg [-L/usr/lib/gcc/x86_64-pc-msys/10.2.0/../../../../lib] ==> dir [/usr/lib/gcc/x86_64-pc-msys/10.2.0/../../../../lib]
    arg [-L/usr/lib/../lib] ==> dir [/usr/lib/../lib]
    arg [-L/usr/lib/gcc/x86_64-pc-msys/10.2.0/../../../../x86_64-pc-msys/lib] ==> dir [/usr/lib/gcc/x86_64-pc-msys/10.2.0/../../../../x86_64-pc-msys/lib]
    arg [-L/usr/lib/gcc/x86_64-pc-msys/10.2.0/../../..] ==> dir [/usr/lib/gcc/x86_64-pc-msys/10.2.0/../../..]
    arg [--enable-auto-import] ==> ignore
    arg [CMakeFiles/cmTC_bb06b.dir/CMakeCCompilerABI.c.o] ==> ignore
    arg [--out-implib] ==> ignore
    arg [libcmTC_bb06b.dll.a] ==> ignore
    arg [--major-image-version] ==> ignore
    arg [0] ==> ignore
    arg [--minor-image-version] ==> ignore
    arg [0] ==> ignore
    arg [-lgcc_s] ==> lib [gcc_s]
    arg [-lgcc] ==> lib [gcc]
    arg [-lmsys-2.0] ==> lib [msys-2.0]
    arg [-ladvapi32] ==> lib [advapi32]
    arg [-lshell32] ==> lib [shell32]
    arg [-luser32] ==> lib [user32]
    arg [-lkernel32] ==> lib [kernel32]
    arg [-lgcc_s] ==> lib [gcc_s]
    arg [-lgcc] ==> lib [gcc]
    arg [/usr/lib/gcc/x86_64-pc-msys/10.2.0/../../../../lib/default-manifest.o] ==> ignore
    arg [/usr/lib/gcc/x86_64-pc-msys/10.2.0/crtend.o] ==> ignore
  collapse library dir [/usr/lib/gcc/x86_64-pc-msys/10.2.0] ==> [/usr/lib/gcc/x86_64-pc-msys/10.2.0]
  collapse library dir [/usr/lib/gcc/x86_64-pc-msys/10.2.0/../../../../x86_64-pc-msys/lib/../lib] ==> [/usr/x86_64-pc-msys/lib]
  collapse library dir [/usr/lib/gcc/x86_64-pc-msys/10.2.0/../../../../lib] ==> [/usr/lib]
  collapse library dir [/usr/lib/../lib] ==> [/usr/lib]
  collapse library dir [/usr/lib/gcc/x86_64-pc-msys/10.2.0/../../../../x86_64-pc-msys/lib] ==> [/usr/x86_64-pc-msys/lib]
  collapse library dir [/usr/lib/gcc/x86_64-pc-msys/10.2.0/../../..] ==> [/usr/lib]
  implicit libs: [gcc_s;gcc;msys-2.0;advapi32;shell32;user32;kernel32;gcc_s;gcc]
  implicit dirs: [/usr/lib/gcc/x86_64-pc-msys/10.2.0;/usr/x86_64-pc-msys/lib;/usr/lib]
  implicit fwks: []


Detecting CXX compiler ABI info compiled with the following output:
Change Dir: /c/Users/katso/Documents/Github/denarii/external/supercop/CMakeFiles/CMakeTmp

Run Build Command(s):/usr/bin/make.exe cmTC_e04c5/fast && /usr/bin/make  -f CMakeFiles/cmTC_e04c5.dir/build.make CMakeFiles/cmTC_e04c5.dir/build
make[1]: Entering directory '/c/Users/katso/Documents/Github/denarii/external/supercop/CMakeFiles/CMakeTmp'
Building CXX object CMakeFiles/cmTC_e04c5.dir/CMakeCXXCompilerABI.cpp.o
/usr/bin/c++.exe   -v -o CMakeFiles/cmTC_e04c5.dir/CMakeCXXCompilerABI.cpp.o -c /usr/share/cmake-3.19.3/Modules/CMakeCXXCompilerABI.cpp
Using built-in specs.
COLLECT_GCC=/usr/bin/c++
Target: x86_64-pc-msys
Configured with: /c/_/S/gcc/src/gcc-10.2.0/configure --build=x86_64-pc-msys --prefix=/usr --libexecdir=/usr/lib --enable-bootstrap --enable-shared --enable-shared-libgcc --enable-static --enable-version-specific-runtime-libs --with-arch=x86-64 --with-tune=generic --disable-multilib --enable-__cxa_atexit --with-dwarf2 --enable-languages=c,c++,fortran,lto --enable-graphite --enable-threads=posix --enable-libatomic --enable-libgomp --disable-libitm --enable-libquadmath --enable-libquadmath-support --disable-libssp --disable-win32-registry --disable-symvers --with-gnu-ld --with-gnu-as --disable-isl-version-check --enable-checking=release --without-libiconv-prefix --without-libintl-prefix --with-system-zlib --enable-linker-build-id --with-default-libstdcxx-abi=gcc4-compatible --enable-libstdcxx-filesystem-ts
Thread model: posix
Supported LTO compression algorithms: zlib
gcc version 10.2.0 (GCC) 
COLLECT_GCC_OPTIONS='-v' '-o' 'CMakeFiles/cmTC_e04c5.dir/CMakeCXXCompilerABI.cpp.o' '-c' '-shared-libgcc' '-mtune=generic' '-march=x86-64'
 /usr/lib/gcc/x86_64-pc-msys/10.2.0/cc1plus.exe -quiet -v -idirafter /usr/lib/gcc/x86_64-pc-msys/10.2.0/../../../../lib/../include/w32api -idirafter /usr/lib/gcc/x86_64-pc-msys/10.2.0/../../../../x86_64-pc-msys/lib/../lib/../../include/w32api /usr/share/cmake-3.19.3/Modules/CMakeCXXCompilerABI.cpp -quiet -dumpbase CMakeCXXCompilerABI.cpp -mtune=generic -march=x86-64 -auxbase-strip CMakeFiles/cmTC_e04c5.dir/CMakeCXXCompilerABI.cpp.o -version -o /c/Users/katso/AppData/Local/Temp/ccGofn7F.s
GNU C++14 (GCC) version 10.2.0 (x86_64-pc-msys)
	compiled by GNU C version 10.2.0, GMP version 6.2.0, MPFR version 4.1.0, MPC version 1.1.0, isl version isl-0.22.1-GMP

warning: GMP header version 6.2.0 differs from library version 6.2.1.
GGC heuristics: --param ggc-min-expand=100 --param ggc-min-heapsize=131072
ignoring nonexistent directory "/usr/lib/gcc/x86_64-pc-msys/10.2.0/../../../../x86_64-pc-msys/include"
ignoring duplicate directory "/usr/lib/gcc/x86_64-pc-msys/10.2.0/../../../../x86_64-pc-msys/lib/../lib/../../include/w32api"
#include "..." search starts here:
#include <...> search starts here:
 /usr/lib/gcc/x86_64-pc-msys/10.2.0/include/c++
 /usr/lib/gcc/x86_64-pc-msys/10.2.0/include/c++/x86_64-pc-msys
 /usr/lib/gcc/x86_64-pc-msys/10.2.0/include/c++/backward
 /usr/lib/gcc/x86_64-pc-msys/10.2.0/include
 /usr/local/include
 /usr/lib/gcc/x86_64-pc-msys/10.2.0/include-fixed
 /usr/include
 /usr/lib/gcc/x86_64-pc-msys/10.2.0/../../../../lib/../include/w32api
End of search list.
GNU C++14 (GCC) version 10.2.0 (x86_64-pc-msys)
	compiled by GNU C version 10.2.0, GMP version 6.2.0, MPFR version 4.1.0, MPC version 1.1.0, isl version isl-0.22.1-GMP

warning: GMP header version 6.2.0 differs from library version 6.2.1.
GGC heuristics: --param ggc-min-expand=100 --param ggc-min-heapsize=131072
Compiler executable checksum: 0944e27bf3250bb1140b30cee6787cf9
COLLECT_GCC_OPTIONS='-v' '-o' 'CMakeFiles/cmTC_e04c5.dir/CMakeCXXCompilerABI.cpp.o' '-c' '-shared-libgcc' '-mtune=generic' '-march=x86-64'
 /usr/lib/gcc/x86_64-pc-msys/10.2.0/../../../../x86_64-pc-msys/bin/as.exe -v -o CMakeFiles/cmTC_e04c5.dir/CMakeCXXCompilerABI.cpp.o /c/Users/katso/AppData/Local/Temp/ccGofn7F.s
GNU assembler version 2.36.1 (x86_64-pc-msys) using BFD version (GNU Binutils) 2.36.1
COMPILER_PATH=/usr/lib/gcc/x86_64-pc-msys/10.2.0/:/usr/lib/gcc/x86_64-pc-msys/10.2.0/:/usr/lib/gcc/x86_64-pc-msys/:/usr/lib/gcc/x86_64-pc-msys/10.2.0/:/usr/lib/gcc/x86_64-pc-msys/:/usr/lib/gcc/x86_64-pc-msys/10.2.0/../../../../x86_64-pc-msys/bin/
LIBRARY_PATH=/usr/lib/gcc/x86_64-pc-msys/10.2.0/:/usr/lib/gcc/x86_64-pc-msys/10.2.0/../../../../x86_64-pc-msys/lib/../lib/:/usr/lib/gcc/x86_64-pc-msys/10.2.0/../../../../lib/:/usr/lib/../lib/:/usr/lib/gcc/x86_64-pc-msys/10.2.0/../../../../x86_64-pc-msys/lib/:/usr/lib/gcc/x86_64-pc-msys/10.2.0/../../../:/usr/lib/
COLLECT_GCC_OPTIONS='-v' '-o' 'CMakeFiles/cmTC_e04c5.dir/CMakeCXXCompilerABI.cpp.o' '-c' '-shared-libgcc' '-mtune=generic' '-march=x86-64'
Linking CXX executable cmTC_e04c5.exe
/usr/bin/cmake.exe -E cmake_link_script CMakeFiles/cmTC_e04c5.dir/link.txt --verbose=1
/usr/bin/c++.exe -Wl,--enable-auto-import -v CMakeFiles/cmTC_e04c5.dir/CMakeCXXCompilerABI.cpp.o -o cmTC_e04c5.exe -Wl,--out-implib,libcmTC_e04c5.dll.a -Wl,--major-image-version,0,--minor-image-version,0 
Using built-in specs.
COLLECT_GCC=/usr/bin/c++
COLLECT_LTO_WRAPPER=/usr/lib/gcc/x86_64-pc-msys/10.2.0/lto-wrapper.exe
Target: x86_64-pc-msys
Configured with: /c/_/S/gcc/src/gcc-10.2.0/configure --build=x86_64-pc-msys --prefix=/usr --libexecdir=/usr/lib --enable-bootstrap --enable-shared --enable-shared-libgcc --enable-static --enable-version-specific-runtime-libs --with-arch=x86-64 --with-tune=generic --disable-multilib --enable-__cxa_atexit --with-dwarf2 --enable-languages=c,c++,fortran,lto --enable-graphite --enable-threads=posix --enable-libatomic --enable-libgomp --disable-libitm --enable-libquadmath --enable-libquadmath-support --disable-libssp --disable-win32-registry --disable-symvers --with-gnu-ld --with-gnu-as --disable-isl-version-check --enable-checking=release --without-libiconv-prefix --without-libintl-prefix --with-system-zlib --enable-linker-build-id --with-default-libstdcxx-abi=gcc4-compatible --enable-libstdcxx-filesystem-ts
Thread model: posix
Supported LTO compression algorithms: zlib
gcc version 10.2.0 (GCC) 
COMPILER_PATH=/usr/lib/gcc/x86_64-pc-msys/10.2.0/:/usr/lib/gcc/x86_64-pc-msys/10.2.0/:/usr/lib/gcc/x86_64-pc-msys/:/usr/lib/gcc/x86_64-pc-msys/10.2.0/:/usr/lib/gcc/x86_64-pc-msys/:/usr/lib/gcc/x86_64-pc-msys/10.2.0/../../../../x86_64-pc-msys/bin/
LIBRARY_PATH=/usr/lib/gcc/x86_64-pc-msys/10.2.0/:/usr/lib/gcc/x86_64-pc-msys/10.2.0/../../../../x86_64-pc-msys/lib/../lib/:/usr/lib/gcc/x86_64-pc-msys/10.2.0/../../../../lib/:/usr/lib/../lib/:/usr/lib/gcc/x86_64-pc-msys/10.2.0/../../../../x86_64-pc-msys/lib/:/usr/lib/gcc/x86_64-pc-msys/10.2.0/../../../:/usr/lib/
COLLECT_GCC_OPTIONS='-v' '-o' 'cmTC_e04c5.exe' '-shared-libgcc' '-mtune=generic' '-march=x86-64'
 /usr/lib/gcc/x86_64-pc-msys/10.2.0/collect2.exe -plugin /usr/lib/gcc/x86_64-pc-msys/10.2.0/msys-lto_plugin.dll -plugin-opt=/usr/lib/gcc/x86_64-pc-msys/10.2.0/lto-wrapper.exe -plugin-opt=-fresolution=/c/Users/katso/AppData/Local/Temp/ccvK4xev.res -plugin-opt=-pass-through=-lgcc_s -plugin-opt=-pass-through=-lgcc -plugin-opt=-pass-through=-lmsys-2.0 -plugin-opt=-pass-through=-ladvapi32 -plugin-opt=-pass-through=-lshell32 -plugin-opt=-pass-through=-luser32 -plugin-opt=-pass-through=-lkernel32 -plugin-opt=-pass-through=-lgcc_s -plugin-opt=-pass-through=-lgcc --build-id -m i386pep --wrap _Znwm --wrap _Znam --wrap _ZdlPv --wrap _ZdaPv --wrap _ZnwmRKSt9nothrow_t --wrap _ZnamRKSt9nothrow_t --wrap _ZdlPvRKSt9nothrow_t --wrap _ZdaPvRKSt9nothrow_t -Bdynamic --dll-search-prefix=msys- --tsaware -o cmTC_e04c5.exe /usr/lib/gcc/x86_64-pc-msys/10.2.0/../../../../lib/crt0.o /usr/lib/gcc/x86_64-pc-msys/10.2.0/crtbegin.o -L/usr/lib/gcc/x86_64-pc-msys/10.2.0 -L/usr/lib/gcc/x86_64-pc-msys/10.2.0/../../../../x86_64-pc-msys/lib/../lib -L/usr/lib/gcc/x86_64-pc-msys/10.2.0/../../../../lib -L/usr/lib/../lib -L/usr/lib/gcc/x86_64-pc-msys/10.2.0/../../../../x86_64-pc-msys/lib -L/usr/lib/gcc/x86_64-pc-msys/10.2.0/../../.. --enable-auto-import CMakeFiles/cmTC_e04c5.dir/CMakeCXXCompilerABI.cpp.o --out-implib libcmTC_e04c5.dll.a --major-image-version 0 --minor-image-version 0 -lstdc++ -lgcc_s -lgcc -lmsys-2.0 -ladvapi32 -lshell32 -luser32 -lkernel32 -lgcc_s -lgcc /usr/lib/gcc/x86_64-pc-msys/10.2.0/../../../../lib/default-manifest.o /usr/lib/gcc/x86_64-pc-msys/10.2.0/crtend.o
COLLECT_GCC_OPTIONS='-v' '-o' 'cmTC_e04c5.exe' '-shared-libgcc' '-mtune=generic' '-march=x86-64'
make[1]: Leaving directory '/c/Users/katso/Documents/Github/denarii/external/supercop/CMakeFiles/CMakeTmp'



Parsed CXX implicit include dir info from above output: rv=done
  found start of include info
  found start of implicit include info
    add: [/usr/lib/gcc/x86_64-pc-msys/10.2.0/include/c++]
    add: [/usr/lib/gcc/x86_64-pc-msys/10.2.0/include/c++/x86_64-pc-msys]
    add: [/usr/lib/gcc/x86_64-pc-msys/10.2.0/include/c++/backward]
    add: [/usr/lib/gcc/x86_64-pc-msys/10.2.0/include]
    add: [/usr/local/include]
    add: [/usr/lib/gcc/x86_64-pc-msys/10.2.0/include-fixed]
    add: [/usr/include]
    add: [/usr/lib/gcc/x86_64-pc-msys/10.2.0/../../../../lib/../include/w32api]
  end of search list found
  collapse include dir [/usr/lib/gcc/x86_64-pc-msys/10.2.0/include/c++] ==> [/usr/lib/gcc/x86_64-pc-msys/10.2.0/include/c++]
  collapse include dir [/usr/lib/gcc/x86_64-pc-msys/10.2.0/include/c++/x86_64-pc-msys] ==> [/usr/lib/gcc/x86_64-pc-msys/10.2.0/include/c++/x86_64-pc-msys]
  collapse include dir [/usr/lib/gcc/x86_64-pc-msys/10.2.0/include/c++/backward] ==> [/usr/lib/gcc/x86_64-pc-msys/10.2.0/include/c++/backward]
  collapse include dir [/usr/lib/gcc/x86_64-pc-msys/10.2.0/include] ==> [/usr/lib/gcc/x86_64-pc-msys/10.2.0/include]
  collapse include dir [/usr/local/include] ==> [/usr/local/include]
  collapse include dir [/usr/lib/gcc/x86_64-pc-msys/10.2.0/include-fixed] ==> [/usr/lib/gcc/x86_64-pc-msys/10.2.0/include-fixed]
  collapse include dir [/usr/include] ==> [/usr/include]
  collapse include dir [/usr/lib/gcc/x86_64-pc-msys/10.2.0/../../../../lib/../include/w32api] ==> [/usr/include/w32api]
  implicit include dirs: [/usr/lib/gcc/x86_64-pc-msys/10.2.0/include/c++;/usr/lib/gcc/x86_64-pc-msys/10.2.0/include/c++/x86_64-pc-msys;/usr/lib/gcc/x86_64-pc-msys/10.2.0/include/c++/backward;/usr/lib/gcc/x86_64-pc-msys/10.2.0/include;/usr/local/include;/usr/lib/gcc/x86_64-pc-msys/10.2.0/include-fixed;/usr/include;/usr/include/w32api]


Parsed CXX implicit link information from above output:
  link line regex: [^( *|.*[/\])(ld\.exe|CMAKE_LINK_STARTFILE-NOTFOUND|([^/\]+-)?ld|collect2)[^/\]*( |$)]
  ignore line: [Change Dir: /c/Users/katso/Documents/Github/denarii/external/supercop/CMakeFiles/CMakeTmp]
  ignore line: []
  ignore line: [Run Build Command(s):/usr/bin/make.exe cmTC_e04c5/fast && /usr/bin/make  -f CMakeFiles/cmTC_e04c5.dir/build.make CMakeFiles/cmTC_e04c5.dir/build]
  ignore line: [make[1]: Entering directory '/c/Users/katso/Documents/Github/denarii/external/supercop/CMakeFiles/CMakeTmp']
  ignore line: [Building CXX object CMakeFiles/cmTC_e04c5.dir/CMakeCXXCompilerABI.cpp.o]
  ignore line: [/usr/bin/c++.exe   -v -o CMakeFiles/cmTC_e04c5.dir/CMakeCXXCompilerABI.cpp.o -c /usr/share/cmake-3.19.3/Modules/CMakeCXXCompilerABI.cpp]
  ignore line: [Using built-in specs.]
  ignore line: [COLLECT_GCC=/usr/bin/c++]
  ignore line: [Target: x86_64-pc-msys]
  ignore line: [Configured with: /c/_/S/gcc/src/gcc-10.2.0/configure --build=x86_64-pc-msys --prefix=/usr --libexecdir=/usr/lib --enable-bootstrap --enable-shared --enable-shared-libgcc --enable-static --enable-version-specific-runtime-libs --with-arch=x86-64 --with-tune=generic --disable-multilib --enable-__cxa_atexit --with-dwarf2 --enable-languages=c,c++,fortran,lto --enable-graphite --enable-threads=posix --enable-libatomic --enable-libgomp --disable-libitm --enable-libquadmath --enable-libquadmath-support --disable-libssp --disable-win32-registry --disable-symvers --with-gnu-ld --with-gnu-as --disable-isl-version-check --enable-checking=release --without-libiconv-prefix --without-libintl-prefix --with-system-zlib --enable-linker-build-id --with-default-libstdcxx-abi=gcc4-compatible --enable-libstdcxx-filesystem-ts]
  ignore line: [Thread model: posix]
  ignore line: [Supported LTO compression algorithms: zlib]
  ignore line: [gcc version 10.2.0 (GCC) ]
  ignore line: [COLLECT_GCC_OPTIONS='-v' '-o' 'CMakeFiles/cmTC_e04c5.dir/CMakeCXXCompilerABI.cpp.o' '-c' '-shared-libgcc' '-mtune=generic' '-march=x86-64']
  ignore line: [ /usr/lib/gcc/x86_64-pc-msys/10.2.0/cc1plus.exe -quiet -v -idirafter /usr/lib/gcc/x86_64-pc-msys/10.2.0/../../../../lib/../include/w32api -idirafter /usr/lib/gcc/x86_64-pc-msys/10.2.0/../../../../x86_64-pc-msys/lib/../lib/../../include/w32api /usr/share/cmake-3.19.3/Modules/CMakeCXXCompilerABI.cpp -quiet -dumpbase CMakeCXXCompilerABI.cpp -mtune=generic -march=x86-64 -auxbase-strip CMakeFiles/cmTC_e04c5.dir/CMakeCXXCompilerABI.cpp.o -version -o /c/Users/katso/AppData/Local/Temp/ccGofn7F.s]
  ignore line: [GNU C++14 (GCC) version 10.2.0 (x86_64-pc-msys)]
  ignore line: [	compiled by GNU C version 10.2.0  GMP version 6.2.0  MPFR version 4.1.0  MPC version 1.1.0  isl version isl-0.22.1-GMP]
  ignore line: []
  ignore line: [warning: GMP header version 6.2.0 differs from library version 6.2.1.]
  ignore line: [GGC heuristics: --param ggc-min-expand=100 --param ggc-min-heapsize=131072]
  ignore line: [ignoring nonexistent directory "/usr/lib/gcc/x86_64-pc-msys/10.2.0/../../../../x86_64-pc-msys/include"]
  ignore line: [ignoring duplicate directory "/usr/lib/gcc/x86_64-pc-msys/10.2.0/../../../../x86_64-pc-msys/lib/../lib/../../include/w32api"]
  ignore line: [#include "..." search starts here:]
  ignore line: [#include <...> search starts here:]
  ignore line: [ /usr/lib/gcc/x86_64-pc-msys/10.2.0/include/c++]
  ignore line: [ /usr/lib/gcc/x86_64-pc-msys/10.2.0/include/c++/x86_64-pc-msys]
  ignore line: [ /usr/lib/gcc/x86_64-pc-msys/10.2.0/include/c++/backward]
  ignore line: [ /usr/lib/gcc/x86_64-pc-msys/10.2.0/include]
  ignore line: [ /usr/local/include]
  ignore line: [ /usr/lib/gcc/x86_64-pc-msys/10.2.0/include-fixed]
  ignore line: [ /usr/include]
  ignore line: [ /usr/lib/gcc/x86_64-pc-msys/10.2.0/../../../../lib/../include/w32api]
  ignore line: [End of search list.]
  ignore line: [GNU C++14 (GCC) version 10.2.0 (x86_64-pc-msys)]
  ignore line: [	compiled by GNU C version 10.2.0  GMP version 6.2.0  MPFR version 4.1.0  MPC version 1.1.0  isl version isl-0.22.1-GMP]
  ignore line: []
  ignore line: [warning: GMP header version 6.2.0 differs from library version 6.2.1.]
  ignore line: [GGC heuristics: --param ggc-min-expand=100 --param ggc-min-heapsize=131072]
  ignore line: [Compiler executable checksum: 0944e27bf3250bb1140b30cee6787cf9]
  ignore line: [COLLECT_GCC_OPTIONS='-v' '-o' 'CMakeFiles/cmTC_e04c5.dir/CMakeCXXCompilerABI.cpp.o' '-c' '-shared-libgcc' '-mtune=generic' '-march=x86-64']
  ignore line: [ /usr/lib/gcc/x86_64-pc-msys/10.2.0/../../../../x86_64-pc-msys/bin/as.exe -v -o CMakeFiles/cmTC_e04c5.dir/CMakeCXXCompilerABI.cpp.o /c/Users/katso/AppData/Local/Temp/ccGofn7F.s]
  ignore line: [GNU assembler version 2.36.1 (x86_64-pc-msys) using BFD version (GNU Binutils) 2.36.1]
  ignore line: [COMPILER_PATH=/usr/lib/gcc/x86_64-pc-msys/10.2.0/:/usr/lib/gcc/x86_64-pc-msys/10.2.0/:/usr/lib/gcc/x86_64-pc-msys/:/usr/lib/gcc/x86_64-pc-msys/10.2.0/:/usr/lib/gcc/x86_64-pc-msys/:/usr/lib/gcc/x86_64-pc-msys/10.2.0/../../../../x86_64-pc-msys/bin/]
  ignore line: [LIBRARY_PATH=/usr/lib/gcc/x86_64-pc-msys/10.2.0/:/usr/lib/gcc/x86_64-pc-msys/10.2.0/../../../../x86_64-pc-msys/lib/../lib/:/usr/lib/gcc/x86_64-pc-msys/10.2.0/../../../../lib/:/usr/lib/../lib/:/usr/lib/gcc/x86_64-pc-msys/10.2.0/../../../../x86_64-pc-msys/lib/:/usr/lib/gcc/x86_64-pc-msys/10.2.0/../../../:/usr/lib/]
  ignore line: [COLLECT_GCC_OPTIONS='-v' '-o' 'CMakeFiles/cmTC_e04c5.dir/CMakeCXXCompilerABI.cpp.o' '-c' '-shared-libgcc' '-mtune=generic' '-march=x86-64']
  ignore line: [Linking CXX executable cmTC_e04c5.exe]
  ignore line: [/usr/bin/cmake.exe -E cmake_link_script CMakeFiles/cmTC_e04c5.dir/link.txt --verbose=1]
  ignore line: [/usr/bin/c++.exe -Wl --enable-auto-import -v CMakeFiles/cmTC_e04c5.dir/CMakeCXXCompilerABI.cpp.o -o cmTC_e04c5.exe -Wl --out-implib libcmTC_e04c5.dll.a -Wl --major-image-version 0 --minor-image-version 0 ]
  ignore line: [Using built-in specs.]
  ignore line: [COLLECT_GCC=/usr/bin/c++]
  ignore line: [COLLECT_LTO_WRAPPER=/usr/lib/gcc/x86_64-pc-msys/10.2.0/lto-wrapper.exe]
  ignore line: [Target: x86_64-pc-msys]
  ignore line: [Configured with: /c/_/S/gcc/src/gcc-10.2.0/configure --build=x86_64-pc-msys --prefix=/usr --libexecdir=/usr/lib --enable-bootstrap --enable-shared --enable-shared-libgcc --enable-static --enable-version-specific-runtime-libs --with-arch=x86-64 --with-tune=generic --disable-multilib --enable-__cxa_atexit --with-dwarf2 --enable-languages=c,c++,fortran,lto --enable-graphite --enable-threads=posix --enable-libatomic --enable-libgomp --disable-libitm --enable-libquadmath --enable-libquadmath-support --disable-libssp --disable-win32-registry --disable-symvers --with-gnu-ld --with-gnu-as --disable-isl-version-check --enable-checking=release --without-libiconv-prefix --without-libintl-prefix --with-system-zlib --enable-linker-build-id --with-default-libstdcxx-abi=gcc4-compatible --enable-libstdcxx-filesystem-ts]
  ignore line: [Thread model: posix]
  ignore line: [Supported LTO compression algorithms: zlib]
  ignore line: [gcc version 10.2.0 (GCC) ]
  ignore line: [COMPILER_PATH=/usr/lib/gcc/x86_64-pc-msys/10.2.0/:/usr/lib/gcc/x86_64-pc-msys/10.2.0/:/usr/lib/gcc/x86_64-pc-msys/:/usr/lib/gcc/x86_64-pc-msys/10.2.0/:/usr/lib/gcc/x86_64-pc-msys/:/usr/lib/gcc/x86_64-pc-msys/10.2.0/../../../../x86_64-pc-msys/bin/]
  ignore line: [LIBRARY_PATH=/usr/lib/gcc/x86_64-pc-msys/10.2.0/:/usr/lib/gcc/x86_64-pc-msys/10.2.0/../../../../x86_64-pc-msys/lib/../lib/:/usr/lib/gcc/x86_64-pc-msys/10.2.0/../../../../lib/:/usr/lib/../lib/:/usr/lib/gcc/x86_64-pc-msys/10.2.0/../../../../x86_64-pc-msys/lib/:/usr/lib/gcc/x86_64-pc-msys/10.2.0/../../../:/usr/lib/]
  ignore line: [COLLECT_GCC_OPTIONS='-v' '-o' 'cmTC_e04c5.exe' '-shared-libgcc' '-mtune=generic' '-march=x86-64']
  link line: [ /usr/lib/gcc/x86_64-pc-msys/10.2.0/collect2.exe -plugin /usr/lib/gcc/x86_64-pc-msys/10.2.0/msys-lto_plugin.dll -plugin-opt=/usr/lib/gcc/x86_64-pc-msys/10.2.0/lto-wrapper.exe -plugin-opt=-fresolution=/c/Users/katso/AppData/Local/Temp/ccvK4xev.res -plugin-opt=-pass-through=-lgcc_s -plugin-opt=-pass-through=-lgcc -plugin-opt=-pass-through=-lmsys-2.0 -plugin-opt=-pass-through=-ladvapi32 -plugin-opt=-pass-through=-lshell32 -plugin-opt=-pass-through=-luser32 -plugin-opt=-pass-through=-lkernel32 -plugin-opt=-pass-through=-lgcc_s -plugin-opt=-pass-through=-lgcc --build-id -m i386pep --wrap _Znwm --wrap _Znam --wrap _ZdlPv --wrap _ZdaPv --wrap _ZnwmRKSt9nothrow_t --wrap _ZnamRKSt9nothrow_t --wrap _ZdlPvRKSt9nothrow_t --wrap _ZdaPvRKSt9nothrow_t -Bdynamic --dll-search-prefix=msys- --tsaware -o cmTC_e04c5.exe /usr/lib/gcc/x86_64-pc-msys/10.2.0/../../../../lib/crt0.o /usr/lib/gcc/x86_64-pc-msys/10.2.0/crtbegin.o -L/usr/lib/gcc/x86_64-pc-msys/10.2.0 -L/usr/lib/gcc/x86_64-pc-msys/10.2.0/../../../../x86_64-pc-msys/lib/../lib -L/usr/lib/gcc/x86_64-pc-msys/10.2.0/../../../../lib -L/usr/lib/../lib -L/usr/lib/gcc/x86_64-pc-msys/10.2.0/../../../../x86_64-pc-msys/lib -L/usr/lib/gcc/x86_64-pc-msys/10.2.0/../../.. --enable-auto-import CMakeFiles/cmTC_e04c5.dir/CMakeCXXCompilerABI.cpp.o --out-implib libcmTC_e04c5.dll.a --major-image-version 0 --minor-image-version 0 -lstdc++ -lgcc_s -lgcc -lmsys-2.0 -ladvapi32 -lshell32 -luser32 -lkernel32 -lgcc_s -lgcc /usr/lib/gcc/x86_64-pc-msys/10.2.0/../../../../lib/default-manifest.o /usr/lib/gcc/x86_64-pc-msys/10.2.0/crtend.o]
    arg [/usr/lib/gcc/x86_64-pc-msys/10.2.0/collect2.exe] ==> ignore
    arg [-plugin] ==> ignore
    arg [/usr/lib/gcc/x86_64-pc-msys/10.2.0/msys-lto_plugin.dll] ==> ignore
    arg [-plugin-opt=/usr/lib/gcc/x86_64-pc-msys/10.2.0/lto-wrapper.exe] ==> ignore
    arg [-plugin-opt=-fresolution=/c/Users/katso/AppData/Local/Temp/ccvK4xev.res] ==> ignore
    arg [-plugin-opt=-pass-through=-lgcc_s] ==> ignore
    arg [-plugin-opt=-pass-through=-lgcc] ==> ignore
    arg [-plugin-opt=-pass-through=-lmsys-2.0] ==> ignore
    arg [-plugin-opt=-pass-through=-ladvapi32] ==> ignore
    arg [-plugin-opt=-pass-through=-lshell32] ==> ignore
    arg [-plugin-opt=-pass-through=-luser32] ==> ignore
    arg [-plugin-opt=-pass-through=-lkernel32] ==> ignore
    arg [-plugin-opt=-pass-through=-lgcc_s] ==> ignore
    arg [-plugin-opt=-pass-through=-lgcc] ==> ignore
    arg [--build-id] ==> ignore
    arg [-m] ==> ignore
    arg [i386pep] ==> ignore
    arg [--wrap] ==> ignore
    arg [_Znwm] ==> ignore
    arg [--wrap] ==> ignore
    arg [_Znam] ==> ignore
    arg [--wrap] ==> ignore
    arg [_ZdlPv] ==> ignore
    arg [--wrap] ==> ignore
    arg [_ZdaPv] ==> ignore
    arg [--wrap] ==> ignore
    arg [_ZnwmRKSt9nothrow_t] ==> ignore
    arg [--wrap] ==> ignore
    arg [_ZnamRKSt9nothrow_t] ==> ignore
    arg [--wrap] ==> ignore
    arg [_ZdlPvRKSt9nothrow_t] ==> ignore
    arg [--wrap] ==> ignore
    arg [_ZdaPvRKSt9nothrow_t] ==> ignore
    arg [-Bdynamic] ==> ignore
    arg [--dll-search-prefix=msys-] ==> ignore
    arg [--tsaware] ==> ignore
    arg [-o] ==> ignore
    arg [cmTC_e04c5.exe] ==> ignore
    arg [/usr/lib/gcc/x86_64-pc-msys/10.2.0/../../../../lib/crt0.o] ==> ignore
    arg [/usr/lib/gcc/x86_64-pc-msys/10.2.0/crtbegin.o] ==> ignore
    arg [-L/usr/lib/gcc/x86_64-pc-msys/10.2.0] ==> dir [/usr/lib/gcc/x86_64-pc-msys/10.2.0]
    arg [-L/usr/lib/gcc/x86_64-pc-msys/10.2.0/../../../../x86_64-pc-msys/lib/../lib] ==> dir [/usr/lib/gcc/x86_64-pc-msys/10.2.0/../../../../x86_64-pc-msys/lib/../lib]
    arg [-L/usr/lib/gcc/x86_64-pc-msys/10.2.0/../../../../lib] ==> dir [/usr/lib/gcc/x86_64-pc-msys/10.2.0/../../../../lib]
    arg [-L/usr/lib/../lib] ==> dir [/usr/lib/../lib]
    arg [-L/usr/lib/gcc/x86_64-pc-msys/10.2.0/../../../../x86_64-pc-msys/lib] ==> dir [/usr/lib/gcc/x86_64-pc-msys/10.2.0/../../../../x86_64-pc-msys/lib]
    arg [-L/usr/lib/gcc/x86_64-pc-msys/10.2.0/../../..] ==> dir [/usr/lib/gcc/x86_64-pc-msys/10.2.0/../../..]
    arg [--enable-auto-import] ==> ignore
    arg [CMakeFiles/cmTC_e04c5.dir/CMakeCXXCompilerABI.cpp.o] ==> ignore
    arg [--out-implib] ==> ignore
    arg [libcmTC_e04c5.dll.a] ==> ignore
    arg [--major-image-version] ==> ignore
    arg [0] ==> ignore
    arg [--minor-image-version] ==> ignore
    arg [0] ==> ignore
    arg [-lstdc++] ==> lib [stdc++]
    arg [-lgcc_s] ==> lib [gcc_s]
    arg [-lgcc] ==> lib [gcc]
    arg [-lmsys-2.0] ==> lib [msys-2.0]
    arg [-ladvapi32] ==> lib [advapi32]
    arg [-lshell32] ==> lib [shell32]
    arg [-luser32] ==> lib [user32]
    arg [-lkernel32] ==> lib [kernel32]
    arg [-lgcc_s] ==> lib [gcc_s]
    arg [-lgcc] ==> lib [gcc]
    arg [/usr/lib/gcc/x86_64-pc-msys/10.2.0/../../../../lib/default-manifest.o] ==> ignore
    arg [/usr/lib/gcc/x86_64-pc-msys/10.2.0/crtend.o] ==> ignore
  collapse library dir [/usr/lib/gcc/x86_64-pc-msys/10.2.0] ==> [/usr/lib/gcc/x86_64-pc-msys/10.2.0]
  collapse library dir [/usr/lib/gcc/x86_64-pc-msys/10.2.0/../../../../x86_64-pc-msys/lib/../lib] ==> [/usr/x86_64-pc-msys/lib]
  collapse library dir [/usr/lib/gcc/x86_64-pc-msys/10.2.0/../../../../lib] ==> [/usr/lib]
  collapse library dir [/usr/lib/../lib] ==> [/usr/lib]
  collapse library dir [/usr/lib/gcc/x86_64-pc-msys/10.2.0/../../../../x86_64-pc-msys/lib] ==> [/usr/x86_64-pc-msys/lib]
  collapse library dir [/usr/lib/gcc/x86_64-pc-msys/10.2.0/../../..] ==> [/usr/lib]
  implicit libs: [stdc++;gcc_s;gcc;msys-2.0;advapi32;shell32;user32;kernel32;gcc_s;gcc]
  implicit dirs: [/usr/lib/gcc/x86_64-pc-msys/10.2.0;/usr/x86_64-pc-msys/lib;/usr/lib]
  implicit fwks: []


Checking whether the ASM compiler is GNU using "--version" matched "(GNU assembler)|(GCC)|(Free Software Foundation)":
cc (GCC) 10.2.0
Copyright (C) 2020 Free Software Foundation, Inc.
This is free software; see the source for copying conditions.  There is NO
warranty; not even for MERCHANTABILITY or FITNESS FOR A PARTICULAR PURPOSE.

Looking for a ASM-ATT compiler passed with the following output:
-- The ASM-ATT compiler identification is GNU
-- Found assembler: /usr/bin/as.exe
-- Configuring done
-- Generating done
-- Build files have been written to: /c/Users/katso/Documents/Github/denarii/external/supercop/CMakeFiles/CheckASM-ATT

